<?xml version="1.0" encoding="UTF-8"?>
<testng-results total="1" passed="1" failed="0" skipped="0">
  <reporter-output>
  </reporter-output>
  <suite started-at="2021-10-05T12:31:45Z" name="Surefire suite" finished-at="2021-10-05T12:31:45Z" duration-ms="28">
    <groups>
    </groups>
    <test started-at="2021-10-05T12:31:45Z" name="Surefire test" finished-at="2021-10-05T12:31:45Z" duration-ms="28">
      <class name="com.farnell.bdd_framework.AppTest">
        <test-method signature="shouldAnswerWithTrue()[pri:0, instance:shouldAnswerWithTrue(com.farnell.bdd_framework.AppTest)]" started-at="2021-10-05T18:01:45Z" name="shouldAnswerWithTrue" finished-at="2021-10-05T18:01:45Z" duration-ms="1" status="PASS">
          <reporter-output>
          </reporter-output>
        </test-method> <!-- shouldAnswerWithTrue -->
      </class> <!-- com.farnell.bdd_framework.AppTest -->
    </test> <!-- Surefire test -->
  </suite> <!-- Surefire suite -->
</testng-results>
