<?xml version="1.0" encoding="UTF-8"?>
<testsuite xmlns:xsi="http://www.w3.org/2001/XMLSchema-instance" xsi:noNamespaceSchemaLocation="https://maven.apache.org/surefire/maven-surefire-plugin/xsd/surefire-test-report.xsd" name="TestSuite" time="0.397" tests="2" errors="0" skipped="1" failures="0">
  <properties>
[...]
</properties>
  <testcase name="feature" classname="com.farnell.bdd_framework.testRunner.TestRunner" time="0">
    <skipped message="&#10;Method feature requires 1 parameters but 0 were supplied in the @Test annotation."/>
  </testcase>
  <testcase name="shouldAnswerWithTrue on shouldAnswerWithTrue(com.farnell.bdd_framework.AppTest)" classname="com.farnell.bdd_framework.AppTest" time="0.001"/>
</testsuite>